ERROR - 2022-02-12 15:24:53 --> Error connecting to the database: Access denied for user ''@'localhost' (using password: NO)
ERROR - 2022-02-12 15:26:36 --> Error connecting to the database: Unknown database 'ci'
CRITICAL - 2022-02-12 15:49:40 --> Undefined variable: data
#0 C:\xampp\htdocs\ci\app\Views\pages\category\index.php(2): CodeIgniter\Debug\Exceptions->errorHandler(8, 'Undefined varia...', 'C:\\xampp\\htdocs...', 2, Array)
#1 C:\xampp\htdocs\ci\system\View\View.php(210): include('C:\\xampp\\htdocs...')
#2 C:\xampp\htdocs\ci\system\View\View.php(213): CodeIgniter\View\View->CodeIgniter\View\{closure}()
#3 C:\xampp\htdocs\ci\system\Common.php(1089): CodeIgniter\View\View->render('pages/category/...', Array, true)
#4 C:\xampp\htdocs\ci\app\Controllers\Category.php(15): view('pages/category/...')
#5 C:\xampp\htdocs\ci\system\CodeIgniter.php(825): App\Controllers\Category->index()
#6 C:\xampp\htdocs\ci\system\CodeIgniter.php(412): CodeIgniter\CodeIgniter->runController(Object(App\Controllers\Category))
#7 C:\xampp\htdocs\ci\system\CodeIgniter.php(320): CodeIgniter\CodeIgniter->handleRequest(NULL, Object(Config\Cache), false)
#8 C:\xampp\htdocs\ci\index.php(37): CodeIgniter\CodeIgniter->run()
#9 {main}
CRITICAL - 2022-02-12 15:51:02 --> Array to string conversion
#0 C:\xampp\htdocs\ci\app\Controllers\Category.php(13): CodeIgniter\Debug\Exceptions->errorHandler(8, 'Array to string...', 'C:\\xampp\\htdocs...', 13, Array)
#1 C:\xampp\htdocs\ci\system\CodeIgniter.php(825): App\Controllers\Category->index()
#2 C:\xampp\htdocs\ci\system\CodeIgniter.php(412): CodeIgniter\CodeIgniter->runController(Object(App\Controllers\Category))
#3 C:\xampp\htdocs\ci\system\CodeIgniter.php(320): CodeIgniter\CodeIgniter->handleRequest(NULL, Object(Config\Cache), false)
#4 C:\xampp\htdocs\ci\index.php(37): CodeIgniter\CodeIgniter->run()
#5 {main}
CRITICAL - 2022-02-12 15:52:06 --> Undefined variable: data
#0 C:\xampp\htdocs\ci\app\Views\pages\category\index.php(2): CodeIgniter\Debug\Exceptions->errorHandler(8, 'Undefined varia...', 'C:\\xampp\\htdocs...', 2, Array)
#1 C:\xampp\htdocs\ci\system\View\View.php(210): include('C:\\xampp\\htdocs...')
#2 C:\xampp\htdocs\ci\system\View\View.php(213): CodeIgniter\View\View->CodeIgniter\View\{closure}()
#3 C:\xampp\htdocs\ci\system\Common.php(1089): CodeIgniter\View\View->render('pages/category/...', Array, true)
#4 C:\xampp\htdocs\ci\app\Controllers\Category.php(15): view('pages/category/...', Array)
#5 C:\xampp\htdocs\ci\system\CodeIgniter.php(825): App\Controllers\Category->index()
#6 C:\xampp\htdocs\ci\system\CodeIgniter.php(412): CodeIgniter\CodeIgniter->runController(Object(App\Controllers\Category))
#7 C:\xampp\htdocs\ci\system\CodeIgniter.php(320): CodeIgniter\CodeIgniter->handleRequest(NULL, Object(Config\Cache), false)
#8 C:\xampp\htdocs\ci\index.php(37): CodeIgniter\CodeIgniter->run()
#9 {main}
CRITICAL - 2022-02-12 16:05:04 --> syntax error, unexpected 'endforeach' (T_ENDFOREACH), expecting elseif (T_ELSEIF) or else (T_ELSE) or endif (T_ENDIF)
#0 C:\xampp\htdocs\ci\system\View\View.php(213): CodeIgniter\View\View->CodeIgniter\View\{closure}()
#1 C:\xampp\htdocs\ci\system\Common.php(1089): CodeIgniter\View\View->render('pages/category/...', Array, true)
#2 C:\xampp\htdocs\ci\app\Controllers\Category.php(15): view('pages/category/...', Array)
#3 C:\xampp\htdocs\ci\system\CodeIgniter.php(825): App\Controllers\Category->index()
#4 C:\xampp\htdocs\ci\system\CodeIgniter.php(412): CodeIgniter\CodeIgniter->runController(Object(App\Controllers\Category))
#5 C:\xampp\htdocs\ci\system\CodeIgniter.php(320): CodeIgniter\CodeIgniter->handleRequest(NULL, Object(Config\Cache), false)
#6 C:\xampp\htdocs\ci\index.php(37): CodeIgniter\CodeIgniter->run()
#7 {main}
ERROR - 2022-02-12 16:16:29 --> You have an error in your SQL syntax; check the manual that corresponds to your MariaDB server version for the right syntax to use near 'SELECT *
FROM (`category`, `table1` `a`)
INNER JOIN `table1` `b` ON `a`.`id` ...' at line 1
CRITICAL - 2022-02-12 16:16:29 --> You have an error in your SQL syntax; check the manual that corresponds to your MariaDB server version for the right syntax to use near 'SELECT *
FROM (`category`, `table1` `a`)
INNER JOIN `table1` `b` ON `a`.`id` ...' at line 1
#0 C:\xampp\htdocs\ci\system\Database\MySQLi\Connection.php(292): mysqli->query('SELECT SELECT *...', 0)
#1 C:\xampp\htdocs\ci\system\Database\BaseConnection.php(670): CodeIgniter\Database\MySQLi\Connection->execute('SELECT SELECT *...')
#2 C:\xampp\htdocs\ci\system\Database\BaseConnection.php(598): CodeIgniter\Database\BaseConnection->simpleQuery('SELECT SELECT *...')
#3 C:\xampp\htdocs\ci\system\Database\BaseBuilder.php(1455): CodeIgniter\Database\BaseConnection->query('SELECT SELECT *...', Array, false)
#4 C:\xampp\htdocs\ci\system\Model.php(728): CodeIgniter\Database\BaseBuilder->get()
#5 C:\xampp\htdocs\ci\app\Models\CategoryModel.php(13): CodeIgniter\Model->__call('get', Array)
#6 C:\xampp\htdocs\ci\app\Controllers\Category.php(12): App\Models\CategoryModel->getCategories()
#7 C:\xampp\htdocs\ci\system\CodeIgniter.php(825): App\Controllers\Category->index()
#8 C:\xampp\htdocs\ci\system\CodeIgniter.php(412): CodeIgniter\CodeIgniter->runController(Object(App\Controllers\Category))
#9 C:\xampp\htdocs\ci\system\CodeIgniter.php(320): CodeIgniter\CodeIgniter->handleRequest(NULL, Object(Config\Cache), false)
#10 C:\xampp\htdocs\ci\index.php(37): CodeIgniter\CodeIgniter->run()
#11 {main}
CRITICAL - 2022-02-12 16:19:36 --> Call to undefined method CodeIgniter\Database\MySQLi\Connection::select()
#0 C:\xampp\htdocs\ci\app\Controllers\Category.php(12): App\Models\CategoryModel->getCategories()
#1 C:\xampp\htdocs\ci\system\CodeIgniter.php(825): App\Controllers\Category->index()
#2 C:\xampp\htdocs\ci\system\CodeIgniter.php(412): CodeIgniter\CodeIgniter->runController(Object(App\Controllers\Category))
#3 C:\xampp\htdocs\ci\system\CodeIgniter.php(320): CodeIgniter\CodeIgniter->handleRequest(NULL, Object(Config\Cache), false)
#4 C:\xampp\htdocs\ci\index.php(37): CodeIgniter\CodeIgniter->run()
#5 {main}
CRITICAL - 2022-02-12 16:19:59 --> Call to undefined method CodeIgniter\Database\MySQLi\Connection::get()
#0 C:\xampp\htdocs\ci\app\Controllers\Category.php(12): App\Models\CategoryModel->getCategories()
#1 C:\xampp\htdocs\ci\system\CodeIgniter.php(825): App\Controllers\Category->index()
#2 C:\xampp\htdocs\ci\system\CodeIgniter.php(412): CodeIgniter\CodeIgniter->runController(Object(App\Controllers\Category))
#3 C:\xampp\htdocs\ci\system\CodeIgniter.php(320): CodeIgniter\CodeIgniter->handleRequest(NULL, Object(Config\Cache), false)
#4 C:\xampp\htdocs\ci\index.php(37): CodeIgniter\CodeIgniter->run()
#5 {main}
CRITICAL - 2022-02-12 16:20:19 --> Trying to access array offset on value of type null
#0 C:\xampp\htdocs\ci\app\Views\pages\category\index.php(15): CodeIgniter\Debug\Exceptions->errorHandler(8, 'Trying to acces...', 'C:\\xampp\\htdocs...', 15, Array)
#1 C:\xampp\htdocs\ci\system\View\View.php(210): include('C:\\xampp\\htdocs...')
#2 C:\xampp\htdocs\ci\system\View\View.php(213): CodeIgniter\View\View->CodeIgniter\View\{closure}()
#3 C:\xampp\htdocs\ci\system\Common.php(1089): CodeIgniter\View\View->render('pages/category/...', Array, true)
#4 C:\xampp\htdocs\ci\app\Controllers\Category.php(15): view('pages/category/...', Array)
#5 C:\xampp\htdocs\ci\system\CodeIgniter.php(825): App\Controllers\Category->index()
#6 C:\xampp\htdocs\ci\system\CodeIgniter.php(412): CodeIgniter\CodeIgniter->runController(Object(App\Controllers\Category))
#7 C:\xampp\htdocs\ci\system\CodeIgniter.php(320): CodeIgniter\CodeIgniter->handleRequest(NULL, Object(Config\Cache), false)
#8 C:\xampp\htdocs\ci\index.php(37): CodeIgniter\CodeIgniter->run()
#9 {main}
CRITICAL - 2022-02-12 16:20:38 --> Trying to access array offset on value of type null
#0 C:\xampp\htdocs\ci\app\Views\pages\category\index.php(15): CodeIgniter\Debug\Exceptions->errorHandler(8, 'Trying to acces...', 'C:\\xampp\\htdocs...', 15, Array)
#1 C:\xampp\htdocs\ci\system\View\View.php(210): include('C:\\xampp\\htdocs...')
#2 C:\xampp\htdocs\ci\system\View\View.php(213): CodeIgniter\View\View->CodeIgniter\View\{closure}()
#3 C:\xampp\htdocs\ci\system\Common.php(1089): CodeIgniter\View\View->render('pages/category/...', Array, true)
#4 C:\xampp\htdocs\ci\app\Controllers\Category.php(15): view('pages/category/...', Array)
#5 C:\xampp\htdocs\ci\system\CodeIgniter.php(825): App\Controllers\Category->index()
#6 C:\xampp\htdocs\ci\system\CodeIgniter.php(412): CodeIgniter\CodeIgniter->runController(Object(App\Controllers\Category))
#7 C:\xampp\htdocs\ci\system\CodeIgniter.php(320): CodeIgniter\CodeIgniter->handleRequest(NULL, Object(Config\Cache), false)
#8 C:\xampp\htdocs\ci\index.php(37): CodeIgniter\CodeIgniter->run()
#9 {main}
CRITICAL - 2022-02-12 16:20:53 --> Undefined variable: categories
#0 C:\xampp\htdocs\ci\app\Views\pages\category\index.php(12): CodeIgniter\Debug\Exceptions->errorHandler(8, 'Undefined varia...', 'C:\\xampp\\htdocs...', 12, Array)
#1 C:\xampp\htdocs\ci\system\View\View.php(210): include('C:\\xampp\\htdocs...')
#2 C:\xampp\htdocs\ci\system\View\View.php(213): CodeIgniter\View\View->CodeIgniter\View\{closure}()
#3 C:\xampp\htdocs\ci\system\Common.php(1089): CodeIgniter\View\View->render('pages/category/...', Array, true)
#4 C:\xampp\htdocs\ci\app\Controllers\Category.php(15): view('pages/category/...')
#5 C:\xampp\htdocs\ci\system\CodeIgniter.php(825): App\Controllers\Category->index()
#6 C:\xampp\htdocs\ci\system\CodeIgniter.php(412): CodeIgniter\CodeIgniter->runController(Object(App\Controllers\Category))
#7 C:\xampp\htdocs\ci\system\CodeIgniter.php(320): CodeIgniter\CodeIgniter->handleRequest(NULL, Object(Config\Cache), false)
#8 C:\xampp\htdocs\ci\index.php(37): CodeIgniter\CodeIgniter->run()
#9 {main}
CRITICAL - 2022-02-12 16:22:33 --> count(): Parameter must be an array or an object that implements Countable
#0 C:\xampp\htdocs\ci\app\Views\pages\category\index.php(12): CodeIgniter\Debug\Exceptions->errorHandler(2, 'count(): Parame...', 'C:\\xampp\\htdocs...', 12, Array)
#1 C:\xampp\htdocs\ci\system\View\View.php(210): include('C:\\xampp\\htdocs...')
#2 C:\xampp\htdocs\ci\system\View\View.php(213): CodeIgniter\View\View->CodeIgniter\View\{closure}()
#3 C:\xampp\htdocs\ci\system\Common.php(1089): CodeIgniter\View\View->render('pages/category/...', Array, true)
#4 C:\xampp\htdocs\ci\app\Controllers\Category.php(15): view('pages/category/...', Array)
#5 C:\xampp\htdocs\ci\system\CodeIgniter.php(825): App\Controllers\Category->index()
#6 C:\xampp\htdocs\ci\system\CodeIgniter.php(412): CodeIgniter\CodeIgniter->runController(Object(App\Controllers\Category))
#7 C:\xampp\htdocs\ci\system\CodeIgniter.php(320): CodeIgniter\CodeIgniter->handleRequest(NULL, Object(Config\Cache), false)
#8 C:\xampp\htdocs\ci\index.php(37): CodeIgniter\CodeIgniter->run()
#9 {main}
CRITICAL - 2022-02-12 16:24:11 --> Trying to access array offset on value of type null
#0 C:\xampp\htdocs\ci\app\Views\pages\category\index.php(15): CodeIgniter\Debug\Exceptions->errorHandler(8, 'Trying to acces...', 'C:\\xampp\\htdocs...', 15, Array)
#1 C:\xampp\htdocs\ci\system\View\View.php(210): include('C:\\xampp\\htdocs...')
#2 C:\xampp\htdocs\ci\system\View\View.php(213): CodeIgniter\View\View->CodeIgniter\View\{closure}()
#3 C:\xampp\htdocs\ci\system\Common.php(1089): CodeIgniter\View\View->render('pages/category/...', Array, true)
#4 C:\xampp\htdocs\ci\app\Controllers\Category.php(15): view('pages/category/...', Array)
#5 C:\xampp\htdocs\ci\system\CodeIgniter.php(825): App\Controllers\Category->index()
#6 C:\xampp\htdocs\ci\system\CodeIgniter.php(412): CodeIgniter\CodeIgniter->runController(Object(App\Controllers\Category))
#7 C:\xampp\htdocs\ci\system\CodeIgniter.php(320): CodeIgniter\CodeIgniter->handleRequest(NULL, Object(Config\Cache), false)
#8 C:\xampp\htdocs\ci\index.php(37): CodeIgniter\CodeIgniter->run()
#9 {main}
CRITICAL - 2022-02-12 16:25:05 --> Trying to access array offset on value of type null
#0 C:\xampp\htdocs\ci\app\Views\pages\category\index.php(15): CodeIgniter\Debug\Exceptions->errorHandler(8, 'Trying to acces...', 'C:\\xampp\\htdocs...', 15, Array)
#1 C:\xampp\htdocs\ci\system\View\View.php(210): include('C:\\xampp\\htdocs...')
#2 C:\xampp\htdocs\ci\system\View\View.php(213): CodeIgniter\View\View->CodeIgniter\View\{closure}()
#3 C:\xampp\htdocs\ci\system\Common.php(1089): CodeIgniter\View\View->render('pages/category/...', Array, true)
#4 C:\xampp\htdocs\ci\app\Controllers\Category.php(15): view('pages/category/...', Array)
#5 C:\xampp\htdocs\ci\system\CodeIgniter.php(825): App\Controllers\Category->index()
#6 C:\xampp\htdocs\ci\system\CodeIgniter.php(412): CodeIgniter\CodeIgniter->runController(Object(App\Controllers\Category))
#7 C:\xampp\htdocs\ci\system\CodeIgniter.php(320): CodeIgniter\CodeIgniter->handleRequest(NULL, Object(Config\Cache), false)
#8 C:\xampp\htdocs\ci\index.php(37): CodeIgniter\CodeIgniter->run()
#9 {main}
CRITICAL - 2022-02-12 16:27:50 --> Trying to access array offset on value of type null
#0 C:\xampp\htdocs\ci\app\Views\pages\category\index.php(15): CodeIgniter\Debug\Exceptions->errorHandler(8, 'Trying to acces...', 'C:\\xampp\\htdocs...', 15, Array)
#1 C:\xampp\htdocs\ci\system\View\View.php(210): include('C:\\xampp\\htdocs...')
#2 C:\xampp\htdocs\ci\system\View\View.php(213): CodeIgniter\View\View->CodeIgniter\View\{closure}()
#3 C:\xampp\htdocs\ci\system\Common.php(1089): CodeIgniter\View\View->render('pages/category/...', Array, true)
#4 C:\xampp\htdocs\ci\app\Controllers\Category.php(15): view('pages/category/...', Array)
#5 C:\xampp\htdocs\ci\system\CodeIgniter.php(825): App\Controllers\Category->index()
#6 C:\xampp\htdocs\ci\system\CodeIgniter.php(412): CodeIgniter\CodeIgniter->runController(Object(App\Controllers\Category))
#7 C:\xampp\htdocs\ci\system\CodeIgniter.php(320): CodeIgniter\CodeIgniter->handleRequest(NULL, Object(Config\Cache), false)
#8 C:\xampp\htdocs\ci\index.php(37): CodeIgniter\CodeIgniter->run()
#9 {main}
CRITICAL - 2022-02-12 16:31:20 --> Call to undefined method CodeIgniter\Database\MySQLi\Connection::select()
#0 C:\xampp\htdocs\ci\app\Controllers\Category.php(12): App\Models\CategoryModel->getCategories()
#1 C:\xampp\htdocs\ci\system\CodeIgniter.php(825): App\Controllers\Category->index()
#2 C:\xampp\htdocs\ci\system\CodeIgniter.php(412): CodeIgniter\CodeIgniter->runController(Object(App\Controllers\Category))
#3 C:\xampp\htdocs\ci\system\CodeIgniter.php(320): CodeIgniter\CodeIgniter->handleRequest(NULL, Object(Config\Cache), false)
#4 C:\xampp\htdocs\ci\index.php(37): CodeIgniter\CodeIgniter->run()
#5 {main}
CRITICAL - 2022-02-12 16:32:20 --> Call to undefined method CodeIgniter\Database\MySQLi\Connection::from()
#0 C:\xampp\htdocs\ci\app\Controllers\Category.php(12): App\Models\CategoryModel->getCategories()
#1 C:\xampp\htdocs\ci\system\CodeIgniter.php(825): App\Controllers\Category->index()
#2 C:\xampp\htdocs\ci\system\CodeIgniter.php(412): CodeIgniter\CodeIgniter->runController(Object(App\Controllers\Category))
#3 C:\xampp\htdocs\ci\system\CodeIgniter.php(320): CodeIgniter\CodeIgniter->handleRequest(NULL, Object(Config\Cache), false)
#4 C:\xampp\htdocs\ci\index.php(37): CodeIgniter\CodeIgniter->run()
#5 {main}
CRITICAL - 2022-02-12 16:32:43 --> Call to undefined method CodeIgniter\Database\MySQLi\Connection::get()
#0 C:\xampp\htdocs\ci\app\Controllers\Category.php(12): App\Models\CategoryModel->getCategories()
#1 C:\xampp\htdocs\ci\system\CodeIgniter.php(825): App\Controllers\Category->index()
#2 C:\xampp\htdocs\ci\system\CodeIgniter.php(412): CodeIgniter\CodeIgniter->runController(Object(App\Controllers\Category))
#3 C:\xampp\htdocs\ci\system\CodeIgniter.php(320): CodeIgniter\CodeIgniter->handleRequest(NULL, Object(Config\Cache), false)
#4 C:\xampp\htdocs\ci\index.php(37): CodeIgniter\CodeIgniter->run()
#5 {main}
CRITICAL - 2022-02-12 16:32:52 --> Call to undefined method CodeIgniter\Database\MySQLi\Result::result()
#0 C:\xampp\htdocs\ci\app\Controllers\Category.php(12): App\Models\CategoryModel->getCategories()
#1 C:\xampp\htdocs\ci\system\CodeIgniter.php(825): App\Controllers\Category->index()
#2 C:\xampp\htdocs\ci\system\CodeIgniter.php(412): CodeIgniter\CodeIgniter->runController(Object(App\Controllers\Category))
#3 C:\xampp\htdocs\ci\system\CodeIgniter.php(320): CodeIgniter\CodeIgniter->handleRequest(NULL, Object(Config\Cache), false)
#4 C:\xampp\htdocs\ci\index.php(37): CodeIgniter\CodeIgniter->run()
#5 {main}
CRITICAL - 2022-02-12 16:33:14 --> Call to undefined method CodeIgniter\Database\MySQLi\Result::table()
#0 C:\xampp\htdocs\ci\app\Controllers\Category.php(12): App\Models\CategoryModel->getCategories()
#1 C:\xampp\htdocs\ci\system\CodeIgniter.php(825): App\Controllers\Category->index()
#2 C:\xampp\htdocs\ci\system\CodeIgniter.php(412): CodeIgniter\CodeIgniter->runController(Object(App\Controllers\Category))
#3 C:\xampp\htdocs\ci\system\CodeIgniter.php(320): CodeIgniter\CodeIgniter->handleRequest(NULL, Object(Config\Cache), false)
#4 C:\xampp\htdocs\ci\index.php(37): CodeIgniter\CodeIgniter->run()
#5 {main}
ERROR - 2022-02-12 17:42:32 --> Duplicate entry 'sub a' for key 'category'
CRITICAL - 2022-02-12 17:42:32 --> Duplicate entry 'sub a' for key 'category'
#0 C:\xampp\htdocs\ci\system\Database\MySQLi\Connection.php(292): mysqli->query('INSERT INTO `ca...', 0)
#1 C:\xampp\htdocs\ci\system\Database\BaseConnection.php(670): CodeIgniter\Database\MySQLi\Connection->execute('INSERT INTO `ca...')
#2 C:\xampp\htdocs\ci\system\Database\BaseConnection.php(598): CodeIgniter\Database\BaseConnection->simpleQuery('INSERT INTO `ca...')
#3 C:\xampp\htdocs\ci\system\Database\BaseBuilder.php(1771): CodeIgniter\Database\BaseConnection->query('INSERT INTO `ca...', Array, false)
#4 C:\xampp\htdocs\ci\system\Model.php(239): CodeIgniter\Database\BaseBuilder->insert()
#5 C:\xampp\htdocs\ci\system\BaseModel.php(738): CodeIgniter\Model->doInsert(Array)
#6 C:\xampp\htdocs\ci\system\Model.php(625): CodeIgniter\BaseModel->insert(Array, false)
#7 C:\xampp\htdocs\ci\system\BaseModel.php(658): CodeIgniter\Model->insert(Array, false)
#8 C:\xampp\htdocs\ci\app\Controllers\Category.php(41): CodeIgniter\BaseModel->save(Array)
#9 C:\xampp\htdocs\ci\system\CodeIgniter.php(825): App\Controllers\Category->save()
#10 C:\xampp\htdocs\ci\system\CodeIgniter.php(412): CodeIgniter\CodeIgniter->runController(Object(App\Controllers\Category))
#11 C:\xampp\htdocs\ci\system\CodeIgniter.php(320): CodeIgniter\CodeIgniter->handleRequest(NULL, Object(Config\Cache), false)
#12 C:\xampp\htdocs\ci\index.php(37): CodeIgniter\CodeIgniter->run()
#13 {main}
CRITICAL - 2022-02-12 17:45:18 -->  route cannot be found while reverse-routing.
#0 C:\xampp\htdocs\ci\system\HTTP\RedirectResponse.php(56): CodeIgniter\HTTP\Exceptions\HTTPException::forInvalidRedirectRoute('')
#1 C:\xampp\htdocs\ci\system\Common.php(832): CodeIgniter\HTTP\RedirectResponse->route(false)
#2 C:\xampp\htdocs\ci\app\Controllers\Category.php(46): redirect('http://localhos...', 'refresh')
#3 C:\xampp\htdocs\ci\system\CodeIgniter.php(825): App\Controllers\Category->save()
#4 C:\xampp\htdocs\ci\system\CodeIgniter.php(412): CodeIgniter\CodeIgniter->runController(Object(App\Controllers\Category))
#5 C:\xampp\htdocs\ci\system\CodeIgniter.php(320): CodeIgniter\CodeIgniter->handleRequest(NULL, Object(Config\Cache), false)
#6 C:\xampp\htdocs\ci\index.php(37): CodeIgniter\CodeIgniter->run()
#7 {main}
CRITICAL - 2022-02-12 17:45:28 -->  route cannot be found while reverse-routing.
#0 C:\xampp\htdocs\ci\system\HTTP\RedirectResponse.php(56): CodeIgniter\HTTP\Exceptions\HTTPException::forInvalidRedirectRoute('')
#1 C:\xampp\htdocs\ci\system\Common.php(832): CodeIgniter\HTTP\RedirectResponse->route(false)
#2 C:\xampp\htdocs\ci\app\Controllers\Category.php(46): redirect('http://localhos...', 'refresh')
#3 C:\xampp\htdocs\ci\system\CodeIgniter.php(825): App\Controllers\Category->save()
#4 C:\xampp\htdocs\ci\system\CodeIgniter.php(412): CodeIgniter\CodeIgniter->runController(Object(App\Controllers\Category))
#5 C:\xampp\htdocs\ci\system\CodeIgniter.php(320): CodeIgniter\CodeIgniter->handleRequest(NULL, Object(Config\Cache), false)
#6 C:\xampp\htdocs\ci\index.php(37): CodeIgniter\CodeIgniter->run()
#7 {main}
ERROR - 2022-02-12 17:45:54 --> Duplicate entry 'sub aaaaaaaa' for key 'category'
CRITICAL - 2022-02-12 17:45:54 --> Duplicate entry 'sub aaaaaaaa' for key 'category'
#0 C:\xampp\htdocs\ci\system\Database\MySQLi\Connection.php(292): mysqli->query('INSERT INTO `ca...', 0)
#1 C:\xampp\htdocs\ci\system\Database\BaseConnection.php(670): CodeIgniter\Database\MySQLi\Connection->execute('INSERT INTO `ca...')
#2 C:\xampp\htdocs\ci\system\Database\BaseConnection.php(598): CodeIgniter\Database\BaseConnection->simpleQuery('INSERT INTO `ca...')
#3 C:\xampp\htdocs\ci\system\Database\BaseBuilder.php(1771): CodeIgniter\Database\BaseConnection->query('INSERT INTO `ca...', Array, false)
#4 C:\xampp\htdocs\ci\system\Model.php(239): CodeIgniter\Database\BaseBuilder->insert()
#5 C:\xampp\htdocs\ci\system\BaseModel.php(738): CodeIgniter\Model->doInsert(Array)
#6 C:\xampp\htdocs\ci\system\Model.php(625): CodeIgniter\BaseModel->insert(Array, false)
#7 C:\xampp\htdocs\ci\system\BaseModel.php(658): CodeIgniter\Model->insert(Array, false)
#8 C:\xampp\htdocs\ci\app\Controllers\Category.php(41): CodeIgniter\BaseModel->save(Array)
#9 C:\xampp\htdocs\ci\system\CodeIgniter.php(825): App\Controllers\Category->save()
#10 C:\xampp\htdocs\ci\system\CodeIgniter.php(412): CodeIgniter\CodeIgniter->runController(Object(App\Controllers\Category))
#11 C:\xampp\htdocs\ci\system\CodeIgniter.php(320): CodeIgniter\CodeIgniter->handleRequest(NULL, Object(Config\Cache), false)
#12 C:\xampp\htdocs\ci\index.php(37): CodeIgniter\CodeIgniter->run()
#13 {main}
CRITICAL - 2022-02-12 17:46:28 -->  route cannot be found while reverse-routing.
#0 C:\xampp\htdocs\ci\system\HTTP\RedirectResponse.php(56): CodeIgniter\HTTP\Exceptions\HTTPException::forInvalidRedirectRoute('')
#1 C:\xampp\htdocs\ci\system\Common.php(832): CodeIgniter\HTTP\RedirectResponse->route(false)
#2 C:\xampp\htdocs\ci\app\Controllers\Category.php(46): redirect('http://localhos...', 'refresh')
#3 C:\xampp\htdocs\ci\system\CodeIgniter.php(825): App\Controllers\Category->save()
#4 C:\xampp\htdocs\ci\system\CodeIgniter.php(412): CodeIgniter\CodeIgniter->runController(Object(App\Controllers\Category))
#5 C:\xampp\htdocs\ci\system\CodeIgniter.php(320): CodeIgniter\CodeIgniter->handleRequest(NULL, Object(Config\Cache), false)
#6 C:\xampp\htdocs\ci\index.php(37): CodeIgniter\CodeIgniter->run()
#7 {main}
ERROR - 2022-02-12 17:46:31 --> Duplicate entry 'subbbs' for key 'category'
CRITICAL - 2022-02-12 17:46:31 --> Duplicate entry 'subbbs' for key 'category'
#0 C:\xampp\htdocs\ci\system\Database\MySQLi\Connection.php(292): mysqli->query('INSERT INTO `ca...', 0)
#1 C:\xampp\htdocs\ci\system\Database\BaseConnection.php(670): CodeIgniter\Database\MySQLi\Connection->execute('INSERT INTO `ca...')
#2 C:\xampp\htdocs\ci\system\Database\BaseConnection.php(598): CodeIgniter\Database\BaseConnection->simpleQuery('INSERT INTO `ca...')
#3 C:\xampp\htdocs\ci\system\Database\BaseBuilder.php(1771): CodeIgniter\Database\BaseConnection->query('INSERT INTO `ca...', Array, false)
#4 C:\xampp\htdocs\ci\system\Model.php(239): CodeIgniter\Database\BaseBuilder->insert()
#5 C:\xampp\htdocs\ci\system\BaseModel.php(738): CodeIgniter\Model->doInsert(Array)
#6 C:\xampp\htdocs\ci\system\Model.php(625): CodeIgniter\BaseModel->insert(Array, false)
#7 C:\xampp\htdocs\ci\system\BaseModel.php(658): CodeIgniter\Model->insert(Array, false)
#8 C:\xampp\htdocs\ci\app\Controllers\Category.php(41): CodeIgniter\BaseModel->save(Array)
#9 C:\xampp\htdocs\ci\system\CodeIgniter.php(825): App\Controllers\Category->save()
#10 C:\xampp\htdocs\ci\system\CodeIgniter.php(412): CodeIgniter\CodeIgniter->runController(Object(App\Controllers\Category))
#11 C:\xampp\htdocs\ci\system\CodeIgniter.php(320): CodeIgniter\CodeIgniter->handleRequest(NULL, Object(Config\Cache), false)
#12 C:\xampp\htdocs\ci\index.php(37): CodeIgniter\CodeIgniter->run()
#13 {main}
ERROR - 2022-02-12 17:46:40 --> Duplicate entry 'subbbs' for key 'category'
CRITICAL - 2022-02-12 17:46:40 --> Duplicate entry 'subbbs' for key 'category'
#0 C:\xampp\htdocs\ci\system\Database\MySQLi\Connection.php(292): mysqli->query('INSERT INTO `ca...', 0)
#1 C:\xampp\htdocs\ci\system\Database\BaseConnection.php(670): CodeIgniter\Database\MySQLi\Connection->execute('INSERT INTO `ca...')
#2 C:\xampp\htdocs\ci\system\Database\BaseConnection.php(598): CodeIgniter\Database\BaseConnection->simpleQuery('INSERT INTO `ca...')
#3 C:\xampp\htdocs\ci\system\Database\BaseBuilder.php(1771): CodeIgniter\Database\BaseConnection->query('INSERT INTO `ca...', Array, false)
#4 C:\xampp\htdocs\ci\system\Model.php(239): CodeIgniter\Database\BaseBuilder->insert()
#5 C:\xampp\htdocs\ci\system\BaseModel.php(738): CodeIgniter\Model->doInsert(Array)
#6 C:\xampp\htdocs\ci\system\Model.php(625): CodeIgniter\BaseModel->insert(Array, false)
#7 C:\xampp\htdocs\ci\system\BaseModel.php(658): CodeIgniter\Model->insert(Array, false)
#8 C:\xampp\htdocs\ci\app\Controllers\Category.php(41): CodeIgniter\BaseModel->save(Array)
#9 C:\xampp\htdocs\ci\system\CodeIgniter.php(825): App\Controllers\Category->save()
#10 C:\xampp\htdocs\ci\system\CodeIgniter.php(412): CodeIgniter\CodeIgniter->runController(Object(App\Controllers\Category))
#11 C:\xampp\htdocs\ci\system\CodeIgniter.php(320): CodeIgniter\CodeIgniter->handleRequest(NULL, Object(Config\Cache), false)
#12 C:\xampp\htdocs\ci\index.php(37): CodeIgniter\CodeIgniter->run()
#13 {main}
ERROR - 2022-02-12 17:46:44 --> Duplicate entry 'subbbs' for key 'category'
CRITICAL - 2022-02-12 17:46:44 --> Duplicate entry 'subbbs' for key 'category'
#0 C:\xampp\htdocs\ci\system\Database\MySQLi\Connection.php(292): mysqli->query('INSERT INTO `ca...', 0)
#1 C:\xampp\htdocs\ci\system\Database\BaseConnection.php(670): CodeIgniter\Database\MySQLi\Connection->execute('INSERT INTO `ca...')
#2 C:\xampp\htdocs\ci\system\Database\BaseConnection.php(598): CodeIgniter\Database\BaseConnection->simpleQuery('INSERT INTO `ca...')
#3 C:\xampp\htdocs\ci\system\Database\BaseBuilder.php(1771): CodeIgniter\Database\BaseConnection->query('INSERT INTO `ca...', Array, false)
#4 C:\xampp\htdocs\ci\system\Model.php(239): CodeIgniter\Database\BaseBuilder->insert()
#5 C:\xampp\htdocs\ci\system\BaseModel.php(738): CodeIgniter\Model->doInsert(Array)
#6 C:\xampp\htdocs\ci\system\Model.php(625): CodeIgniter\BaseModel->insert(Array, false)
#7 C:\xampp\htdocs\ci\system\BaseModel.php(658): CodeIgniter\Model->insert(Array, false)
#8 C:\xampp\htdocs\ci\app\Controllers\Category.php(41): CodeIgniter\BaseModel->save(Array)
#9 C:\xampp\htdocs\ci\system\CodeIgniter.php(825): App\Controllers\Category->save()
#10 C:\xampp\htdocs\ci\system\CodeIgniter.php(412): CodeIgniter\CodeIgniter->runController(Object(App\Controllers\Category))
#11 C:\xampp\htdocs\ci\system\CodeIgniter.php(320): CodeIgniter\CodeIgniter->handleRequest(NULL, Object(Config\Cache), false)
#12 C:\xampp\htdocs\ci\index.php(37): CodeIgniter\CodeIgniter->run()
#13 {main}
CRITICAL - 2022-02-12 17:47:36 -->  route cannot be found while reverse-routing.
#0 C:\xampp\htdocs\ci\system\HTTP\RedirectResponse.php(56): CodeIgniter\HTTP\Exceptions\HTTPException::forInvalidRedirectRoute('')
#1 C:\xampp\htdocs\ci\app\Controllers\Category.php(46): CodeIgniter\HTTP\RedirectResponse->route(false)
#2 C:\xampp\htdocs\ci\system\CodeIgniter.php(825): App\Controllers\Category->save()
#3 C:\xampp\htdocs\ci\system\CodeIgniter.php(412): CodeIgniter\CodeIgniter->runController(Object(App\Controllers\Category))
#4 C:\xampp\htdocs\ci\system\CodeIgniter.php(320): CodeIgniter\CodeIgniter->handleRequest(NULL, Object(Config\Cache), false)
#5 C:\xampp\htdocs\ci\index.php(37): CodeIgniter\CodeIgniter->run()
#6 {main}
CRITICAL - 2022-02-12 17:47:43 -->  route cannot be found while reverse-routing.
#0 C:\xampp\htdocs\ci\system\HTTP\RedirectResponse.php(56): CodeIgniter\HTTP\Exceptions\HTTPException::forInvalidRedirectRoute('')
#1 C:\xampp\htdocs\ci\app\Controllers\Category.php(46): CodeIgniter\HTTP\RedirectResponse->route(false)
#2 C:\xampp\htdocs\ci\system\CodeIgniter.php(825): App\Controllers\Category->save()
#3 C:\xampp\htdocs\ci\system\CodeIgniter.php(412): CodeIgniter\CodeIgniter->runController(Object(App\Controllers\Category))
#4 C:\xampp\htdocs\ci\system\CodeIgniter.php(320): CodeIgniter\CodeIgniter->handleRequest(NULL, Object(Config\Cache), false)
#5 C:\xampp\htdocs\ci\index.php(37): CodeIgniter\CodeIgniter->run()
#6 {main}
CRITICAL - 2022-02-12 18:01:41 --> Undefined property: CodeIgniter\View\View::$session
#0 C:\xampp\htdocs\ci\app\Views\pages\category\index.php(30): CodeIgniter\Debug\Exceptions->errorHandler(8, 'Undefined prope...', 'C:\\xampp\\htdocs...', 30, Array)
#1 C:\xampp\htdocs\ci\system\View\View.php(210): include('C:\\xampp\\htdocs...')
#2 C:\xampp\htdocs\ci\system\View\View.php(213): CodeIgniter\View\View->CodeIgniter\View\{closure}()
#3 C:\xampp\htdocs\ci\system\Common.php(1089): CodeIgniter\View\View->render('pages/category/...', Array, true)
#4 C:\xampp\htdocs\ci\app\Controllers\Category.php(14): view('pages/category/...', Array)
#5 C:\xampp\htdocs\ci\system\CodeIgniter.php(825): App\Controllers\Category->index()
#6 C:\xampp\htdocs\ci\system\CodeIgniter.php(412): CodeIgniter\CodeIgniter->runController(Object(App\Controllers\Category))
#7 C:\xampp\htdocs\ci\system\CodeIgniter.php(320): CodeIgniter\CodeIgniter->handleRequest(NULL, Object(Config\Cache), false)
#8 C:\xampp\htdocs\ci\index.php(37): CodeIgniter\CodeIgniter->run()
#9 {main}
CRITICAL - 2022-02-12 18:02:46 --> Undefined variable: _SESSION
#0 C:\xampp\htdocs\ci\app\Views\pages\category\index.php(30): CodeIgniter\Debug\Exceptions->errorHandler(8, 'Undefined varia...', 'C:\\xampp\\htdocs...', 30, Array)
#1 C:\xampp\htdocs\ci\system\View\View.php(210): include('C:\\xampp\\htdocs...')
#2 C:\xampp\htdocs\ci\system\View\View.php(213): CodeIgniter\View\View->CodeIgniter\View\{closure}()
#3 C:\xampp\htdocs\ci\system\Common.php(1089): CodeIgniter\View\View->render('pages/category/...', Array, true)
#4 C:\xampp\htdocs\ci\app\Controllers\Category.php(14): view('pages/category/...', Array)
#5 C:\xampp\htdocs\ci\system\CodeIgniter.php(825): App\Controllers\Category->index()
#6 C:\xampp\htdocs\ci\system\CodeIgniter.php(412): CodeIgniter\CodeIgniter->runController(Object(App\Controllers\Category))
#7 C:\xampp\htdocs\ci\system\CodeIgniter.php(320): CodeIgniter\CodeIgniter->handleRequest(NULL, Object(Config\Cache), false)
#8 C:\xampp\htdocs\ci\index.php(37): CodeIgniter\CodeIgniter->run()
#9 {main}
CRITICAL - 2022-02-12 18:08:45 --> Undefined property: CodeIgniter\View\View::$session
#0 C:\xampp\htdocs\ci\app\Views\pages\category\index.php(30): CodeIgniter\Debug\Exceptions->errorHandler(8, 'Undefined prope...', 'C:\\xampp\\htdocs...', 30, Array)
#1 C:\xampp\htdocs\ci\system\View\View.php(210): include('C:\\xampp\\htdocs...')
#2 C:\xampp\htdocs\ci\system\View\View.php(213): CodeIgniter\View\View->CodeIgniter\View\{closure}()
#3 C:\xampp\htdocs\ci\system\Common.php(1089): CodeIgniter\View\View->render('pages/category/...', Array, true)
#4 C:\xampp\htdocs\ci\app\Controllers\Category.php(14): view('pages/category/...', Array)
#5 C:\xampp\htdocs\ci\system\CodeIgniter.php(825): App\Controllers\Category->index()
#6 C:\xampp\htdocs\ci\system\CodeIgniter.php(412): CodeIgniter\CodeIgniter->runController(Object(App\Controllers\Category))
#7 C:\xampp\htdocs\ci\system\CodeIgniter.php(320): CodeIgniter\CodeIgniter->handleRequest(NULL, Object(Config\Cache), false)
#8 C:\xampp\htdocs\ci\index.php(37): CodeIgniter\CodeIgniter->run()
#9 {main}
CRITICAL - 2022-02-12 18:12:45 --> Undefined variable: session
#0 C:\xampp\htdocs\ci\app\Views\pages\category\index.php(30): CodeIgniter\Debug\Exceptions->errorHandler(8, 'Undefined varia...', 'C:\\xampp\\htdocs...', 30, Array)
#1 C:\xampp\htdocs\ci\system\View\View.php(210): include('C:\\xampp\\htdocs...')
#2 C:\xampp\htdocs\ci\system\View\View.php(213): CodeIgniter\View\View->CodeIgniter\View\{closure}()
#3 C:\xampp\htdocs\ci\system\Common.php(1089): CodeIgniter\View\View->render('pages/category/...', Array, true)
#4 C:\xampp\htdocs\ci\app\Controllers\Category.php(14): view('pages/category/...', Array)
#5 C:\xampp\htdocs\ci\system\CodeIgniter.php(825): App\Controllers\Category->index()
#6 C:\xampp\htdocs\ci\system\CodeIgniter.php(412): CodeIgniter\CodeIgniter->runController(Object(App\Controllers\Category))
#7 C:\xampp\htdocs\ci\system\CodeIgniter.php(320): CodeIgniter\CodeIgniter->handleRequest(NULL, Object(Config\Cache), false)
#8 C:\xampp\htdocs\ci\index.php(37): CodeIgniter\CodeIgniter->run()
#9 {main}
CRITICAL - 2022-02-12 18:13:27 --> Undefined variable: _SESSION
#0 C:\xampp\htdocs\ci\app\Views\pages\category\index.php(30): CodeIgniter\Debug\Exceptions->errorHandler(8, 'Undefined varia...', 'C:\\xampp\\htdocs...', 30, Array)
#1 C:\xampp\htdocs\ci\system\View\View.php(210): include('C:\\xampp\\htdocs...')
#2 C:\xampp\htdocs\ci\system\View\View.php(213): CodeIgniter\View\View->CodeIgniter\View\{closure}()
#3 C:\xampp\htdocs\ci\system\Common.php(1089): CodeIgniter\View\View->render('pages/category/...', Array, true)
#4 C:\xampp\htdocs\ci\app\Controllers\Category.php(14): view('pages/category/...', Array)
#5 C:\xampp\htdocs\ci\system\CodeIgniter.php(825): App\Controllers\Category->index()
#6 C:\xampp\htdocs\ci\system\CodeIgniter.php(412): CodeIgniter\CodeIgniter->runController(Object(App\Controllers\Category))
#7 C:\xampp\htdocs\ci\system\CodeIgniter.php(320): CodeIgniter\CodeIgniter->handleRequest(NULL, Object(Config\Cache), false)
#8 C:\xampp\htdocs\ci\index.php(37): CodeIgniter\CodeIgniter->run()
#9 {main}
